<?xml version="1.0" encoding="UTF-8"?>
<robot generator="Robot 7.3.2 (Python 3.10.6 on win32)" generated="2025-11-08T19:51:20.747474" rpa="false" schemaversion="5">
<suite id="s1" name="Challenge 2" source="D:\Projects\own\LabActivities\SIA robotframework\challenge 2\challenge_2.robot">
<test id="s1-t1" name="Verify Login Page Title" line="10">
<kw name="Open Browser" owner="SeleniumLibrary">
<msg time="2025-11-08T19:51:20.956214" level="INFO">Opening browser 'chrome' to base url 'https://the-internet.herokuapp.com/login'.</msg>
<arg>${BASE_URL}${LOGIN_PATH}</arg>
<arg>${BROWSER}</arg>
<doc>Opens a new browser instance to the optional ``url``.</doc>
<status status="PASS" start="2025-11-08T19:51:20.956214" elapsed="8.033295"/>
</kw>
<kw name="Title Should Be" owner="SeleniumLibrary">
<msg time="2025-11-08T19:51:28.994582" level="INFO">Page title is 'The Internet'.</msg>
<arg>The Internet</arg>
<doc>Verifies that the current page title equals ``title``.</doc>
<status status="PASS" start="2025-11-08T19:51:28.990509" elapsed="0.004073"/>
</kw>
<kw name="Close Browser" owner="SeleniumLibrary">
<doc>Closes the current browser.</doc>
<status status="PASS" start="2025-11-08T19:51:28.995584" elapsed="2.140027"/>
</kw>
<status status="PASS" start="2025-11-08T19:51:20.955215" elapsed="10.180396"/>
</test>
<status status="PASS" start="2025-11-08T19:51:20.749480" elapsed="10.387132"/>
</suite>
<statistics>
<total>
<stat pass="1" fail="0" skip="0">All Tests</stat>
</total>
<tag>
</tag>
<suite>
<stat name="Challenge 2" id="s1" pass="1" fail="0" skip="0">Challenge 2</stat>
</suite>
</statistics>
<errors>
</errors>
</robot>
