<?xml version="1.0" encoding="UTF-8"?>
<robot generator="Robot 7.3.2 (Python 3.10.6 on win32)" generated="2025-11-08T20:10:55.829463" rpa="false" schemaversion="5">
<suite id="s1" name="Challenge 1" source="D:\Projects\own\LabActivities\SIA robotframework\challenge 1\challenge_1.robot">
<test id="s1-t1" name="Validate Environment" line="5">
<kw name="Log To Console" owner="BuiltIn">
<arg>Environment validation complete.</arg>
<doc>Logs the given message to the console.</doc>
<status status="PASS" start="2025-11-08T20:10:56.072625" elapsed="0.000000"/>
</kw>
<status status="PASS" start="2025-11-08T20:10:56.071119" elapsed="0.002515"/>
</test>
<status status="PASS" start="2025-11-08T20:10:55.830464" elapsed="0.243170"/>
</suite>
<statistics>
<total>
<stat pass="1" fail="0" skip="0">All Tests</stat>
</total>
<tag>
</tag>
<suite>
<stat name="Challenge 1" id="s1" pass="1" fail="0" skip="0">Challenge 1</stat>
</suite>
</statistics>
<errors>
</errors>
</robot>
